<?xml version="1.0" encoding="utf-8"?>
<TestRun id="6bae8e23-56f2-495e-b5d8-0caf98376059" name="Jesus Abraham@LAPTOP-JESÚS 2026-04-15 21:29:31" runUser="LAPTOP-JESÚS\Jesus Abraham" xmlns="http://microsoft.com/schemas/VisualStudio/TeamTest/2010">
  <Times creation="2026-04-15T21:29:31.9514097-07:00" queuing="2026-04-15T21:29:31.9514101-07:00" start="2026-04-15T21:29:27.3539399-07:00" finish="2026-04-15T21:29:32.3276273-07:00" />
  <TestSettings name="default" id="f814d163-39e3-4e15-9121-1fb6f51bde27">
    <Deployment runDeploymentRoot="Jesus_Abraham_LAPTOP-JESÚS_2026-04-15_21_29_31" />
  </TestSettings>
  <Results>
    <UnitTestResult executionId="2d061401-0a5f-4eab-b5a9-23e1d7bf6b1b" testId="196f150f-382e-6fc5-9880-f774419dcb57" testName="HotelProyecto.Tests.PruebasUnitarias.VerificacionCorreo" computerName="LAPTOP-JESÚS" duration="00:00:00.0080188" startTime="2026-04-15T21:29:31.8780402-07:00" endTime="2026-04-15T21:29:31.8780403-07:00" testType="13cdc9d9-ddb5-4fa4-a97d-d965ccfc6d4b" outcome="Passed" testListId="8c84fa94-04c1-424b-9868-57a2d4851a1d" relativeResultsDirectory="2d061401-0a5f-4eab-b5a9-23e1d7bf6b1b" />
    <UnitTestResult executionId="153873ef-8717-4d84-a4c0-7ac46c953864" testId="00711ae6-d387-3d6f-af2c-15c2a58545af" testName="HotelProyecto.Tests.PruebasUnitarias.ObtenerReservaciones" computerName="LAPTOP-JESÚS" duration="00:00:00.0009784" startTime="2026-04-15T21:29:31.8397127-07:00" endTime="2026-04-15T21:29:31.8397129-07:00" testType="13cdc9d9-ddb5-4fa4-a97d-d965ccfc6d4b" outcome="Passed" testListId="8c84fa94-04c1-424b-9868-57a2d4851a1d" relativeResultsDirectory="153873ef-8717-4d84-a4c0-7ac46c953864" />
    <UnitTestResult executionId="7ea1f4f2-e619-446f-82be-c646de6d9f1d" testId="29fb06f3-b6a3-26c1-aec1-4e06a0d9b8cc" testName="HotelProyecto.Tests.PruebasUnitarias.ObtenerHuespedPorID" computerName="LAPTOP-JESÚS" duration="00:00:00.0018745" startTime="2026-04-15T21:29:31.8786478-07:00" endTime="2026-04-15T21:29:31.8786479-07:00" testType="13cdc9d9-ddb5-4fa4-a97d-d965ccfc6d4b" outcome="Passed" testListId="8c84fa94-04c1-424b-9868-57a2d4851a1d" relativeResultsDirectory="7ea1f4f2-e619-446f-82be-c646de6d9f1d" />
    <UnitTestResult executionId="ad697093-ed6a-4af1-a015-cbac42d53b2f" testId="e4c62dd8-af4f-ab74-7cae-08d896d620fe" testName="HotelProyecto.Tests.PruebasUnitarias.ObtenerHabitacionPorNumero" computerName="LAPTOP-JESÚS" duration="00:00:00.0015021" startTime="2026-04-15T21:29:31.8413164-07:00" endTime="2026-04-15T21:29:31.8413166-07:00" testType="13cdc9d9-ddb5-4fa4-a97d-d965ccfc6d4b" outcome="Passed" testListId="8c84fa94-04c1-424b-9868-57a2d4851a1d" relativeResultsDirectory="ad697093-ed6a-4af1-a015-cbac42d53b2f" />
    <UnitTestResult executionId="cd73cb6f-c88c-4790-8e42-d2b5fe80199e" testId="c835590b-0f1a-ef73-4aab-55fc3ae21ad7" testName="HotelProyecto.Tests.PruebasUnitarias.CadenaConexion_ContieneCatalogoHotel" computerName="LAPTOP-JESÚS" duration="00:00:00.0048106" startTime="2026-04-15T21:29:31.2384933-07:00" endTime="2026-04-15T21:29:31.2385340-07:00" testType="13cdc9d9-ddb5-4fa4-a97d-d965ccfc6d4b" outcome="Passed" testListId="8c84fa94-04c1-424b-9868-57a2d4851a1d" relativeResultsDirectory="cd73cb6f-c88c-4790-8e42-d2b5fe80199e" />
    <UnitTestResult executionId="36870f9a-e7b7-49bf-afee-49e6012fc85b" testId="93fcba51-36fa-828d-43de-a8dcdb084b5a" testName="HotelProyecto.Tests.PruebasUnitarias.ObtenerHabitacionesPorNumero" computerName="LAPTOP-JESÚS" duration="00:00:00.0037368" startTime="2026-04-15T21:29:31.8386412-07:00" endTime="2026-04-15T21:29:31.8386415-07:00" testType="13cdc9d9-ddb5-4fa4-a97d-d965ccfc6d4b" outcome="Passed" testListId="8c84fa94-04c1-424b-9868-57a2d4851a1d" relativeResultsDirectory="36870f9a-e7b7-49bf-afee-49e6012fc85b" />
    <UnitTestResult executionId="4ac9e27a-0be1-468c-8bb6-6fc8646e4ba4" testId="20df0d87-46c8-ffe7-9cd0-5a5a865e1f36" testName="HotelProyecto.Tests.PruebasUnitarias.Conexion_BD" computerName="LAPTOP-JESÚS" duration="00:00:00.0033654" startTime="2026-04-15T21:29:31.8791600-07:00" endTime="2026-04-15T21:29:31.8791602-07:00" testType="13cdc9d9-ddb5-4fa4-a97d-d965ccfc6d4b" outcome="Passed" testListId="8c84fa94-04c1-424b-9868-57a2d4851a1d" relativeResultsDirectory="4ac9e27a-0be1-468c-8bb6-6fc8646e4ba4" />
    <UnitTestResult executionId="9e50289b-8245-43fd-b4ab-6174ea82eaf1" testId="fdf81953-c29c-df87-615a-f1e19e8a0cca" testName="HotelProyecto.Tests.PruebasUnitarias.Cargar_TablasBD" computerName="LAPTOP-JESÚS" duration="00:00:00.0021405" startTime="2026-04-15T21:29:31.8477213-07:00" endTime="2026-04-15T21:29:31.8477215-07:00" testType="13cdc9d9-ddb5-4fa4-a97d-d965ccfc6d4b" outcome="Passed" testListId="8c84fa94-04c1-424b-9868-57a2d4851a1d" relativeResultsDirectory="9e50289b-8245-43fd-b4ab-6174ea82eaf1" />
    <UnitTestResult executionId="1ac127f3-80c6-4940-b3d0-7befd040406e" testId="78c57f7f-026d-d9e0-acb3-26c204f59032" testName="HotelProyecto.Tests.PruebasUnitarias.ObtenerReservacionesPorID" computerName="LAPTOP-JESÚS" duration="00:00:00.0013273" startTime="2026-04-15T21:29:31.8427585-07:00" endTime="2026-04-15T21:29:31.8427587-07:00" testType="13cdc9d9-ddb5-4fa4-a97d-d965ccfc6d4b" outcome="Passed" testListId="8c84fa94-04c1-424b-9868-57a2d4851a1d" relativeResultsDirectory="1ac127f3-80c6-4940-b3d0-7befd040406e" />
    <UnitTestResult executionId="eb2b5d0f-1c8a-4e05-93b5-1beb3689626b" testId="c8fb3f2b-2a73-02e9-e0e7-ec4c59071e15" testName="HotelProyecto.Tests.PruebasUnitarias.ObtenerHuespedes" computerName="LAPTOP-JESÚS" duration="00:00:00.0017343" startTime="2026-04-15T21:29:31.8446068-07:00" endTime="2026-04-15T21:29:31.8446070-07:00" testType="13cdc9d9-ddb5-4fa4-a97d-d965ccfc6d4b" outcome="Passed" testListId="8c84fa94-04c1-424b-9868-57a2d4851a1d" relativeResultsDirectory="eb2b5d0f-1c8a-4e05-93b5-1beb3689626b" />
    <UnitTestResult executionId="02e83f96-c390-4e21-b2b0-5acd2a06226e" testId="899e5b29-c89b-0743-7038-bd147e8ea1c6" testName="HotelProyecto.Tests.PruebasUnitarias.ObtenerHabitaciones" computerName="LAPTOP-JESÚS" duration="00:00:00.0007769" startTime="2026-04-15T21:29:31.8454646-07:00" endTime="2026-04-15T21:29:31.8454647-07:00" testType="13cdc9d9-ddb5-4fa4-a97d-d965ccfc6d4b" outcome="Passed" testListId="8c84fa94-04c1-424b-9868-57a2d4851a1d" relativeResultsDirectory="02e83f96-c390-4e21-b2b0-5acd2a06226e" />
    <UnitTestResult executionId="b5f2a164-ca65-4b2b-96b9-5b15d3e92e8f" testId="dfaf8bb6-6cf3-8450-e414-e0bbd16519fc" testName="HotelProyecto.Tests.PruebasUnitarias.ObtenerReservacionPorID" computerName="LAPTOP-JESÚS" duration="00:00:00.6042343" startTime="2026-04-15T21:29:31.8348304-07:00" endTime="2026-04-15T21:29:31.8348307-07:00" testType="13cdc9d9-ddb5-4fa4-a97d-d965ccfc6d4b" outcome="Passed" testListId="8c84fa94-04c1-424b-9868-57a2d4851a1d" relativeResultsDirectory="b5f2a164-ca65-4b2b-96b9-5b15d3e92e8f" />
  </Results>
  <TestDefinitions>
    <UnitTest name="HotelProyecto.Tests.PruebasUnitarias.Conexion_BD" storage="c:\users\tapiapc\documents\github\ingenieria de pruebas\proyecto final\idp-proyecto-final-balatrinos\hotelproyecto.tests\bin\release\net9.0\hotelproyecto.tests.dll" id="20df0d87-46c8-ffe7-9cd0-5a5a865e1f36">
      <Execution id="4ac9e27a-0be1-468c-8bb6-6fc8646e4ba4" />
      <TestMethod codeBase="C:\Users\TAPIAPC\Documents\GitHub\Ingenieria de pruebas\Proyecto final\IDP-Proyecto-Final-Balatrinos\HotelProyecto.Tests\bin\Release\net9.0\HotelProyecto.Tests.dll" adapterTypeName="executor://xunit/VsTestRunner2/netcoreapp" className="HotelProyecto.Tests.PruebasUnitarias" name="Conexion_BD" />
    </UnitTest>
    <UnitTest name="HotelProyecto.Tests.PruebasUnitarias.VerificacionCorreo" storage="c:\users\tapiapc\documents\github\ingenieria de pruebas\proyecto final\idp-proyecto-final-balatrinos\hotelproyecto.tests\bin\release\net9.0\hotelproyecto.tests.dll" id="196f150f-382e-6fc5-9880-f774419dcb57">
      <Execution id="2d061401-0a5f-4eab-b5a9-23e1d7bf6b1b" />
      <TestMethod codeBase="C:\Users\TAPIAPC\Documents\GitHub\Ingenieria de pruebas\Proyecto final\IDP-Proyecto-Final-Balatrinos\HotelProyecto.Tests\bin\Release\net9.0\HotelProyecto.Tests.dll" adapterTypeName="executor://xunit/VsTestRunner2/netcoreapp" className="HotelProyecto.Tests.PruebasUnitarias" name="VerificacionCorreo" />
    </UnitTest>
    <UnitTest name="HotelProyecto.Tests.PruebasUnitarias.ObtenerHabitacionesPorNumero" storage="c:\users\tapiapc\documents\github\ingenieria de pruebas\proyecto final\idp-proyecto-final-balatrinos\hotelproyecto.tests\bin\release\net9.0\hotelproyecto.tests.dll" id="93fcba51-36fa-828d-43de-a8dcdb084b5a">
      <Execution id="36870f9a-e7b7-49bf-afee-49e6012fc85b" />
      <TestMethod codeBase="C:\Users\TAPIAPC\Documents\GitHub\Ingenieria de pruebas\Proyecto final\IDP-Proyecto-Final-Balatrinos\HotelProyecto.Tests\bin\Release\net9.0\HotelProyecto.Tests.dll" adapterTypeName="executor://xunit/VsTestRunner2/netcoreapp" className="HotelProyecto.Tests.PruebasUnitarias" name="ObtenerHabitacionesPorNumero" />
    </UnitTest>
    <UnitTest name="HotelProyecto.Tests.PruebasUnitarias.ObtenerHuespedes" storage="c:\users\tapiapc\documents\github\ingenieria de pruebas\proyecto final\idp-proyecto-final-balatrinos\hotelproyecto.tests\bin\release\net9.0\hotelproyecto.tests.dll" id="c8fb3f2b-2a73-02e9-e0e7-ec4c59071e15">
      <Execution id="eb2b5d0f-1c8a-4e05-93b5-1beb3689626b" />
      <TestMethod codeBase="C:\Users\TAPIAPC\Documents\GitHub\Ingenieria de pruebas\Proyecto final\IDP-Proyecto-Final-Balatrinos\HotelProyecto.Tests\bin\Release\net9.0\HotelProyecto.Tests.dll" adapterTypeName="executor://xunit/VsTestRunner2/netcoreapp" className="HotelProyecto.Tests.PruebasUnitarias" name="ObtenerHuespedes" />
    </UnitTest>
    <UnitTest name="HotelProyecto.Tests.PruebasUnitarias.Cargar_TablasBD" storage="c:\users\tapiapc\documents\github\ingenieria de pruebas\proyecto final\idp-proyecto-final-balatrinos\hotelproyecto.tests\bin\release\net9.0\hotelproyecto.tests.dll" id="fdf81953-c29c-df87-615a-f1e19e8a0cca">
      <Execution id="9e50289b-8245-43fd-b4ab-6174ea82eaf1" />
      <TestMethod codeBase="C:\Users\TAPIAPC\Documents\GitHub\Ingenieria de pruebas\Proyecto final\IDP-Proyecto-Final-Balatrinos\HotelProyecto.Tests\bin\Release\net9.0\HotelProyecto.Tests.dll" adapterTypeName="executor://xunit/VsTestRunner2/netcoreapp" className="HotelProyecto.Tests.PruebasUnitarias" name="Cargar_TablasBD" />
    </UnitTest>
    <UnitTest name="HotelProyecto.Tests.PruebasUnitarias.CadenaConexion_ContieneCatalogoHotel" storage="c:\users\tapiapc\documents\github\ingenieria de pruebas\proyecto final\idp-proyecto-final-balatrinos\hotelproyecto.tests\bin\release\net9.0\hotelproyecto.tests.dll" id="c835590b-0f1a-ef73-4aab-55fc3ae21ad7">
      <Execution id="cd73cb6f-c88c-4790-8e42-d2b5fe80199e" />
      <TestMethod codeBase="C:\Users\TAPIAPC\Documents\GitHub\Ingenieria de pruebas\Proyecto final\IDP-Proyecto-Final-Balatrinos\HotelProyecto.Tests\bin\Release\net9.0\HotelProyecto.Tests.dll" adapterTypeName="executor://xunit/VsTestRunner2/netcoreapp" className="HotelProyecto.Tests.PruebasUnitarias" name="CadenaConexion_ContieneCatalogoHotel" />
    </UnitTest>
    <UnitTest name="HotelProyecto.Tests.PruebasUnitarias.ObtenerReservaciones" storage="c:\users\tapiapc\documents\github\ingenieria de pruebas\proyecto final\idp-proyecto-final-balatrinos\hotelproyecto.tests\bin\release\net9.0\hotelproyecto.tests.dll" id="00711ae6-d387-3d6f-af2c-15c2a58545af">
      <Execution id="153873ef-8717-4d84-a4c0-7ac46c953864" />
      <TestMethod codeBase="C:\Users\TAPIAPC\Documents\GitHub\Ingenieria de pruebas\Proyecto final\IDP-Proyecto-Final-Balatrinos\HotelProyecto.Tests\bin\Release\net9.0\HotelProyecto.Tests.dll" adapterTypeName="executor://xunit/VsTestRunner2/netcoreapp" className="HotelProyecto.Tests.PruebasUnitarias" name="ObtenerReservaciones" />
    </UnitTest>
    <UnitTest name="HotelProyecto.Tests.PruebasUnitarias.ObtenerHuespedPorID" storage="c:\users\tapiapc\documents\github\ingenieria de pruebas\proyecto final\idp-proyecto-final-balatrinos\hotelproyecto.tests\bin\release\net9.0\hotelproyecto.tests.dll" id="29fb06f3-b6a3-26c1-aec1-4e06a0d9b8cc">
      <Execution id="7ea1f4f2-e619-446f-82be-c646de6d9f1d" />
      <TestMethod codeBase="C:\Users\TAPIAPC\Documents\GitHub\Ingenieria de pruebas\Proyecto final\IDP-Proyecto-Final-Balatrinos\HotelProyecto.Tests\bin\Release\net9.0\HotelProyecto.Tests.dll" adapterTypeName="executor://xunit/VsTestRunner2/netcoreapp" className="HotelProyecto.Tests.PruebasUnitarias" name="ObtenerHuespedPorID" />
    </UnitTest>
    <UnitTest name="HotelProyecto.Tests.PruebasUnitarias.ObtenerHabitaciones" storage="c:\users\tapiapc\documents\github\ingenieria de pruebas\proyecto final\idp-proyecto-final-balatrinos\hotelproyecto.tests\bin\release\net9.0\hotelproyecto.tests.dll" id="899e5b29-c89b-0743-7038-bd147e8ea1c6">
      <Execution id="02e83f96-c390-4e21-b2b0-5acd2a06226e" />
      <TestMethod codeBase="C:\Users\TAPIAPC\Documents\GitHub\Ingenieria de pruebas\Proyecto final\IDP-Proyecto-Final-Balatrinos\HotelProyecto.Tests\bin\Release\net9.0\HotelProyecto.Tests.dll" adapterTypeName="executor://xunit/VsTestRunner2/netcoreapp" className="HotelProyecto.Tests.PruebasUnitarias" name="ObtenerHabitaciones" />
    </UnitTest>
    <UnitTest name="HotelProyecto.Tests.PruebasUnitarias.ObtenerReservacionesPorID" storage="c:\users\tapiapc\documents\github\ingenieria de pruebas\proyecto final\idp-proyecto-final-balatrinos\hotelproyecto.tests\bin\release\net9.0\hotelproyecto.tests.dll" id="78c57f7f-026d-d9e0-acb3-26c204f59032">
      <Execution id="1ac127f3-80c6-4940-b3d0-7befd040406e" />
      <TestMethod codeBase="C:\Users\TAPIAPC\Documents\GitHub\Ingenieria de pruebas\Proyecto final\IDP-Proyecto-Final-Balatrinos\HotelProyecto.Tests\bin\Release\net9.0\HotelProyecto.Tests.dll" adapterTypeName="executor://xunit/VsTestRunner2/netcoreapp" className="HotelProyecto.Tests.PruebasUnitarias" name="ObtenerReservacionesPorID" />
    </UnitTest>
    <UnitTest name="HotelProyecto.Tests.PruebasUnitarias.ObtenerReservacionPorID" storage="c:\users\tapiapc\documents\github\ingenieria de pruebas\proyecto final\idp-proyecto-final-balatrinos\hotelproyecto.tests\bin\release\net9.0\hotelproyecto.tests.dll" id="dfaf8bb6-6cf3-8450-e414-e0bbd16519fc">
      <Execution id="b5f2a164-ca65-4b2b-96b9-5b15d3e92e8f" />
      <TestMethod codeBase="C:\Users\TAPIAPC\Documents\GitHub\Ingenieria de pruebas\Proyecto final\IDP-Proyecto-Final-Balatrinos\HotelProyecto.Tests\bin\Release\net9.0\HotelProyecto.Tests.dll" adapterTypeName="executor://xunit/VsTestRunner2/netcoreapp" className="HotelProyecto.Tests.PruebasUnitarias" name="ObtenerReservacionPorID" />
    </UnitTest>
    <UnitTest name="HotelProyecto.Tests.PruebasUnitarias.ObtenerHabitacionPorNumero" storage="c:\users\tapiapc\documents\github\ingenieria de pruebas\proyecto final\idp-proyecto-final-balatrinos\hotelproyecto.tests\bin\release\net9.0\hotelproyecto.tests.dll" id="e4c62dd8-af4f-ab74-7cae-08d896d620fe">
      <Execution id="ad697093-ed6a-4af1-a015-cbac42d53b2f" />
      <TestMethod codeBase="C:\Users\TAPIAPC\Documents\GitHub\Ingenieria de pruebas\Proyecto final\IDP-Proyecto-Final-Balatrinos\HotelProyecto.Tests\bin\Release\net9.0\HotelProyecto.Tests.dll" adapterTypeName="executor://xunit/VsTestRunner2/netcoreapp" className="HotelProyecto.Tests.PruebasUnitarias" name="ObtenerHabitacionPorNumero" />
    </UnitTest>
  </TestDefinitions>
  <TestEntries>
    <TestEntry testId="196f150f-382e-6fc5-9880-f774419dcb57" executionId="2d061401-0a5f-4eab-b5a9-23e1d7bf6b1b" testListId="8c84fa94-04c1-424b-9868-57a2d4851a1d" />
    <TestEntry testId="00711ae6-d387-3d6f-af2c-15c2a58545af" executionId="153873ef-8717-4d84-a4c0-7ac46c953864" testListId="8c84fa94-04c1-424b-9868-57a2d4851a1d" />
    <TestEntry testId="29fb06f3-b6a3-26c1-aec1-4e06a0d9b8cc" executionId="7ea1f4f2-e619-446f-82be-c646de6d9f1d" testListId="8c84fa94-04c1-424b-9868-57a2d4851a1d" />
    <TestEntry testId="e4c62dd8-af4f-ab74-7cae-08d896d620fe" executionId="ad697093-ed6a-4af1-a015-cbac42d53b2f" testListId="8c84fa94-04c1-424b-9868-57a2d4851a1d" />
    <TestEntry testId="c835590b-0f1a-ef73-4aab-55fc3ae21ad7" executionId="cd73cb6f-c88c-4790-8e42-d2b5fe80199e" testListId="8c84fa94-04c1-424b-9868-57a2d4851a1d" />
    <TestEntry testId="93fcba51-36fa-828d-43de-a8dcdb084b5a" executionId="36870f9a-e7b7-49bf-afee-49e6012fc85b" testListId="8c84fa94-04c1-424b-9868-57a2d4851a1d" />
    <TestEntry testId="20df0d87-46c8-ffe7-9cd0-5a5a865e1f36" executionId="4ac9e27a-0be1-468c-8bb6-6fc8646e4ba4" testListId="8c84fa94-04c1-424b-9868-57a2d4851a1d" />
    <TestEntry testId="fdf81953-c29c-df87-615a-f1e19e8a0cca" executionId="9e50289b-8245-43fd-b4ab-6174ea82eaf1" testListId="8c84fa94-04c1-424b-9868-57a2d4851a1d" />
    <TestEntry testId="78c57f7f-026d-d9e0-acb3-26c204f59032" executionId="1ac127f3-80c6-4940-b3d0-7befd040406e" testListId="8c84fa94-04c1-424b-9868-57a2d4851a1d" />
    <TestEntry testId="c8fb3f2b-2a73-02e9-e0e7-ec4c59071e15" executionId="eb2b5d0f-1c8a-4e05-93b5-1beb3689626b" testListId="8c84fa94-04c1-424b-9868-57a2d4851a1d" />
    <TestEntry testId="899e5b29-c89b-0743-7038-bd147e8ea1c6" executionId="02e83f96-c390-4e21-b2b0-5acd2a06226e" testListId="8c84fa94-04c1-424b-9868-57a2d4851a1d" />
    <TestEntry testId="dfaf8bb6-6cf3-8450-e414-e0bbd16519fc" executionId="b5f2a164-ca65-4b2b-96b9-5b15d3e92e8f" testListId="8c84fa94-04c1-424b-9868-57a2d4851a1d" />
  </TestEntries>
  <TestLists>
    <TestList name="Resultados sin formato de lista" id="8c84fa94-04c1-424b-9868-57a2d4851a1d" />
    <TestList name="Todos los resultados cargados" id="19431567-8539-422a-85d7-44ee4e166bda" />
  </TestLists>
  <ResultSummary outcome="Completed">
    <Counters total="12" executed="12" passed="12" failed="0" error="0" timeout="0" aborted="0" inconclusive="0" passedButRunAborted="0" notRunnable="0" notExecuted="0" disconnected="0" warning="0" completed="0" inProgress="0" pending="0" />
    <Output>
      <StdOut>[xUnit.net 00:00:00.00] xUnit.net VSTest Adapter v2.8.2+699d445a1a (64-bit .NET 9.0.15)&#xD;
[xUnit.net 00:00:00.10]   Discovering: HotelProyecto.Tests&#xD;
[xUnit.net 00:00:00.14]   Discovered:  HotelProyecto.Tests&#xD;
[xUnit.net 00:00:00.15]   Starting:    HotelProyecto.Tests&#xD;
[xUnit.net 00:00:00.85]   Finished:    HotelProyecto.Tests&#xD;
</StdOut>
    </Output>
    <CollectorDataEntries>
      <Collector agentName="LAPTOP-JESÚS" uri="datacollector://microsoft/CoverletCodeCoverage/1.0" collectorDisplayName="XPlat code coverage">
        <UriAttachments>
          <UriAttachment>
            <A href="LAPTOP-JESÚS\coverage.cobertura.xml"></A>
          </UriAttachment>
        </UriAttachments>
      </Collector>
    </CollectorDataEntries>
  </ResultSummary>
</TestRun>