<?xml version="1.0" encoding="utf-8"?>
<TestRun id="398d2265-9fe8-41d3-869c-90aacccf9bc4" name="Jesus Abraham@LAPTOP-JESÚS 2026-04-12 19:19:49" runUser="LAPTOP-JESÚS\Jesus Abraham" xmlns="http://microsoft.com/schemas/VisualStudio/TeamTest/2010">
  <Times creation="2026-04-12T19:19:49.3994394-07:00" queuing="2026-04-12T19:19:49.3994398-07:00" start="2026-04-12T19:19:44.3447629-07:00" finish="2026-04-12T19:20:24.0564408-07:00" />
  <TestSettings name="default" id="7251c169-2fb0-4f81-ac08-d69fadb15a3c">
    <Deployment runDeploymentRoot="Jesus_Abraham_LAPTOP-JESÚS_2026-04-12_19_19_49" />
  </TestSettings>
  <Results>
    <UnitTestResult executionId="cd6fee32-7c7f-4e1a-8527-2e6e0d5899c9" testId="1106c730-7f6a-4cbd-f8b1-7645dd500c3e" testName="HotelProyecto.Tests.PruebasFuncionalesUI.RealizarReserva" computerName="LAPTOP-JESÚS" duration="00:00:11.0814761" startTime="2026-04-12T19:20:23.2931012-07:00" endTime="2026-04-12T19:20:23.2931016-07:00" testType="13cdc9d9-ddb5-4fa4-a97d-d965ccfc6d4b" outcome="Passed" testListId="8c84fa94-04c1-424b-9868-57a2d4851a1d" relativeResultsDirectory="cd6fee32-7c7f-4e1a-8527-2e6e0d5899c9" />
    <UnitTestResult executionId="bfb0fde4-a1a6-45a7-ba19-281061cde61b" testId="97b1d678-b036-99f8-7e8e-9b0084d6f730" testName="HotelProyecto.Tests.PruebasFuncionalesUI.EnviarMensajeContacto" computerName="LAPTOP-JESÚS" duration="00:00:04.0067312" startTime="2026-04-12T19:19:56.1911777-07:00" endTime="2026-04-12T19:19:56.1911780-07:00" testType="13cdc9d9-ddb5-4fa4-a97d-d965ccfc6d4b" outcome="Passed" testListId="8c84fa94-04c1-424b-9868-57a2d4851a1d" relativeResultsDirectory="bfb0fde4-a1a6-45a7-ba19-281061cde61b" />
    <UnitTestResult executionId="8f778396-2f24-4deb-8146-1dadea0d031f" testId="c8fb3f2b-2a73-02e9-e0e7-ec4c59071e15" testName="HotelProyecto.Tests.PruebasUnitarias.ObtenerHuespedes" computerName="LAPTOP-JESÚS" duration="00:00:00.0030907" startTime="2026-04-12T19:19:49.2894475-07:00" endTime="2026-04-12T19:19:49.2894476-07:00" testType="13cdc9d9-ddb5-4fa4-a97d-d965ccfc6d4b" outcome="Passed" testListId="8c84fa94-04c1-424b-9868-57a2d4851a1d" relativeResultsDirectory="8f778396-2f24-4deb-8146-1dadea0d031f" />
    <UnitTestResult executionId="bf7000d6-542a-42c4-bea1-0da40e8263e6" testId="dfaf8bb6-6cf3-8450-e414-e0bbd16519fc" testName="HotelProyecto.Tests.PruebasUnitarias.ObtenerReservacionPorID" computerName="LAPTOP-JESÚS" duration="00:00:00.8771258" startTime="2026-04-12T19:19:49.2639747-07:00" endTime="2026-04-12T19:19:49.2640063-07:00" testType="13cdc9d9-ddb5-4fa4-a97d-d965ccfc6d4b" outcome="Passed" testListId="8c84fa94-04c1-424b-9868-57a2d4851a1d" relativeResultsDirectory="bf7000d6-542a-42c4-bea1-0da40e8263e6" />
    <UnitTestResult executionId="027a2a92-1853-427d-ba0a-c7c865716498" testId="78c57f7f-026d-d9e0-acb3-26c204f59032" testName="HotelProyecto.Tests.PruebasUnitarias.ObtenerReservacionesPorID" computerName="LAPTOP-JESÚS" duration="00:00:00.0021953" startTime="2026-04-12T19:19:49.2886799-07:00" endTime="2026-04-12T19:19:49.2886801-07:00" testType="13cdc9d9-ddb5-4fa4-a97d-d965ccfc6d4b" outcome="Passed" testListId="8c84fa94-04c1-424b-9868-57a2d4851a1d" relativeResultsDirectory="027a2a92-1853-427d-ba0a-c7c865716498" />
    <UnitTestResult executionId="f74460e8-eccf-4bea-b988-df56934908e0" testId="cd90a32e-4b7a-1e73-d7c2-bc9a4434acdc" testName="HotelProyecto.Tests.PruebasFuncionalesUI.Registro_exitoso" computerName="LAPTOP-JESÚS" duration="00:00:04.0088565" startTime="2026-04-12T19:20:06.9408921-07:00" endTime="2026-04-12T19:20:06.9408924-07:00" testType="13cdc9d9-ddb5-4fa4-a97d-d965ccfc6d4b" outcome="Passed" testListId="8c84fa94-04c1-424b-9868-57a2d4851a1d" relativeResultsDirectory="f74460e8-eccf-4bea-b988-df56934908e0" />
    <UnitTestResult executionId="3c0c3b1d-0580-442c-ad37-07990f2e79a3" testId="899e5b29-c89b-0743-7038-bd147e8ea1c6" testName="HotelProyecto.Tests.PruebasUnitarias.ObtenerHabitaciones" computerName="LAPTOP-JESÚS" duration="00:00:00.0010326" startTime="2026-04-12T19:19:49.2902065-07:00" endTime="2026-04-12T19:19:49.2902066-07:00" testType="13cdc9d9-ddb5-4fa4-a97d-d965ccfc6d4b" outcome="Passed" testListId="8c84fa94-04c1-424b-9868-57a2d4851a1d" relativeResultsDirectory="3c0c3b1d-0580-442c-ad37-07990f2e79a3" />
    <UnitTestResult executionId="12e5f5ba-f692-46d4-813a-d3c3cbb7067f" testId="00711ae6-d387-3d6f-af2c-15c2a58545af" testName="HotelProyecto.Tests.PruebasUnitarias.ObtenerReservaciones" computerName="LAPTOP-JESÚS" duration="00:00:00.0033075" startTime="2026-04-12T19:19:49.2866806-07:00" endTime="2026-04-12T19:19:49.2866809-07:00" testType="13cdc9d9-ddb5-4fa4-a97d-d965ccfc6d4b" outcome="Passed" testListId="8c84fa94-04c1-424b-9868-57a2d4851a1d" relativeResultsDirectory="12e5f5ba-f692-46d4-813a-d3c3cbb7067f" />
    <UnitTestResult executionId="547c49e8-cc64-425f-8c07-ad478609b89a" testId="acd71e31-9ce2-7b3f-f53a-91beae56c914" testName="HotelProyecto.Tests.PruebasFuncionalesUI.InicioSesion_exitoso" computerName="LAPTOP-JESÚS" duration="00:00:06.7345513" startTime="2026-04-12T19:20:02.9308407-07:00" endTime="2026-04-12T19:20:02.9308414-07:00" testType="13cdc9d9-ddb5-4fa4-a97d-d965ccfc6d4b" outcome="Passed" testListId="8c84fa94-04c1-424b-9868-57a2d4851a1d" relativeResultsDirectory="547c49e8-cc64-425f-8c07-ad478609b89a" />
    <UnitTestResult executionId="af149456-4c9c-4a5e-95ab-a32db860d7d9" testId="196f150f-382e-6fc5-9880-f774419dcb57" testName="HotelProyecto.Tests.PruebasUnitarias.VerificacionCorreo" computerName="LAPTOP-JESÚS" duration="00:00:00.0094318" startTime="2026-04-12T19:19:49.3001981-07:00" endTime="2026-04-12T19:19:49.3001986-07:00" testType="13cdc9d9-ddb5-4fa4-a97d-d965ccfc6d4b" outcome="Passed" testListId="8c84fa94-04c1-424b-9868-57a2d4851a1d" relativeResultsDirectory="af149456-4c9c-4a5e-95ab-a32db860d7d9" />
    <UnitTestResult executionId="30828924-a3f4-4393-801f-0701fcc82582" testId="ba260d14-2a79-b3b4-11d4-a54ded2d64a1" testName="HotelProyecto.Tests.PruebasFuncionalesUI.InicioSesion_fallido" computerName="LAPTOP-JESÚS" duration="00:00:03.2679807" startTime="2026-04-12T19:20:12.2104719-07:00" endTime="2026-04-12T19:20:12.2104722-07:00" testType="13cdc9d9-ddb5-4fa4-a97d-d965ccfc6d4b" outcome="Passed" testListId="8c84fa94-04c1-424b-9868-57a2d4851a1d" relativeResultsDirectory="30828924-a3f4-4393-801f-0701fcc82582" />
    <UnitTestResult executionId="f9d48f94-f41e-490e-99fc-1fe10e38831f" testId="29fb06f3-b6a3-26c1-aec1-4e06a0d9b8cc" testName="HotelProyecto.Tests.PruebasUnitarias.ObtenerHuespedPorID" computerName="LAPTOP-JESÚS" duration="00:00:00.0032924" startTime="2026-04-12T19:19:49.3472221-07:00" endTime="2026-04-12T19:19:49.3472225-07:00" testType="13cdc9d9-ddb5-4fa4-a97d-d965ccfc6d4b" outcome="Passed" testListId="8c84fa94-04c1-424b-9868-57a2d4851a1d" relativeResultsDirectory="f9d48f94-f41e-490e-99fc-1fe10e38831f" />
    <UnitTestResult executionId="502322a7-9c9b-4998-b978-b1216acdf7ce" testId="fdf81953-c29c-df87-615a-f1e19e8a0cca" testName="HotelProyecto.Tests.PruebasUnitarias.Cargar_TablasBD" computerName="LAPTOP-JESÚS" duration="00:00:00.0033233" startTime="2026-04-12T19:19:49.2909840-07:00" endTime="2026-04-12T19:19:49.2909841-07:00" testType="13cdc9d9-ddb5-4fa4-a97d-d965ccfc6d4b" outcome="Passed" testListId="8c84fa94-04c1-424b-9868-57a2d4851a1d" relativeResultsDirectory="502322a7-9c9b-4998-b978-b1216acdf7ce" />
    <UnitTestResult executionId="d162bb85-69f7-447f-a6ff-514075aab445" testId="20df0d87-46c8-ffe7-9cd0-5a5a865e1f36" testName="HotelProyecto.Tests.PruebasUnitarias.Conexion_BD" computerName="LAPTOP-JESÚS" duration="00:00:00.0039032" startTime="2026-04-12T19:19:49.3482303-07:00" endTime="2026-04-12T19:19:49.3482305-07:00" testType="13cdc9d9-ddb5-4fa4-a97d-d965ccfc6d4b" outcome="Passed" testListId="8c84fa94-04c1-424b-9868-57a2d4851a1d" relativeResultsDirectory="d162bb85-69f7-447f-a6ff-514075aab445" />
    <UnitTestResult executionId="dfaf4409-ecd6-4fa4-943a-22cd68157423" testId="e4c62dd8-af4f-ab74-7cae-08d896d620fe" testName="HotelProyecto.Tests.PruebasUnitarias.ObtenerHabitacionPorNumero" computerName="LAPTOP-JESÚS" duration="00:00:00.0072863" startTime="2026-04-12T19:19:49.2878490-07:00" endTime="2026-04-12T19:19:49.2878492-07:00" testType="13cdc9d9-ddb5-4fa4-a97d-d965ccfc6d4b" outcome="Passed" testListId="8c84fa94-04c1-424b-9868-57a2d4851a1d" relativeResultsDirectory="dfaf4409-ecd6-4fa4-943a-22cd68157423" />
    <UnitTestResult executionId="710c4a11-e044-4870-be9a-bcfccdeeed67" testId="93fcba51-36fa-828d-43de-a8dcdb084b5a" testName="HotelProyecto.Tests.PruebasUnitarias.ObtenerHabitacionesPorNumero" computerName="LAPTOP-JESÚS" duration="00:00:00.0061385" startTime="2026-04-12T19:19:49.2847622-07:00" endTime="2026-04-12T19:19:49.2847624-07:00" testType="13cdc9d9-ddb5-4fa4-a97d-d965ccfc6d4b" outcome="Passed" testListId="8c84fa94-04c1-424b-9868-57a2d4851a1d" relativeResultsDirectory="710c4a11-e044-4870-be9a-bcfccdeeed67" />
    <UnitTestResult executionId="e8d4e668-49b3-4b72-91b9-f444f551ab3d" testId="705c6f0e-75d4-648a-ae26-4fbbe7e61b3b" testName="HotelProyecto.Tests.PruebasFuncionalesUI.VisualizarMapaDeGoogleMaps" computerName="LAPTOP-JESÚS" duration="00:00:01.9993481" startTime="2026-04-12T19:20:08.9413211-07:00" endTime="2026-04-12T19:20:08.9413214-07:00" testType="13cdc9d9-ddb5-4fa4-a97d-d965ccfc6d4b" outcome="Passed" testListId="8c84fa94-04c1-424b-9868-57a2d4851a1d" relativeResultsDirectory="e8d4e668-49b3-4b72-91b9-f444f551ab3d" />
  </Results>
  <TestDefinitions>
    <UnitTest name="HotelProyecto.Tests.PruebasFuncionalesUI.InicioSesion_fallido" storage="c:\users\tapiapc\documents\github\ingenieria de pruebas\proyecto final\idp-proyecto-final-balatrinos\hotelproyecto.tests\bin\release\net9.0\hotelproyecto.tests.dll" id="ba260d14-2a79-b3b4-11d4-a54ded2d64a1">
      <Execution id="30828924-a3f4-4393-801f-0701fcc82582" />
      <TestMethod codeBase="C:\Users\TAPIAPC\Documents\GitHub\Ingenieria de pruebas\Proyecto final\IDP-Proyecto-Final-Balatrinos\HotelProyecto.Tests\bin\Release\net9.0\HotelProyecto.Tests.dll" adapterTypeName="executor://xunit/VsTestRunner2/netcoreapp" className="HotelProyecto.Tests.PruebasFuncionalesUI" name="InicioSesion_fallido" />
    </UnitTest>
    <UnitTest name="HotelProyecto.Tests.PruebasUnitarias.Conexion_BD" storage="c:\users\tapiapc\documents\github\ingenieria de pruebas\proyecto final\idp-proyecto-final-balatrinos\hotelproyecto.tests\bin\release\net9.0\hotelproyecto.tests.dll" id="20df0d87-46c8-ffe7-9cd0-5a5a865e1f36">
      <Execution id="d162bb85-69f7-447f-a6ff-514075aab445" />
      <TestMethod codeBase="C:\Users\TAPIAPC\Documents\GitHub\Ingenieria de pruebas\Proyecto final\IDP-Proyecto-Final-Balatrinos\HotelProyecto.Tests\bin\Release\net9.0\HotelProyecto.Tests.dll" adapterTypeName="executor://xunit/VsTestRunner2/netcoreapp" className="HotelProyecto.Tests.PruebasUnitarias" name="Conexion_BD" />
    </UnitTest>
    <UnitTest name="HotelProyecto.Tests.PruebasUnitarias.VerificacionCorreo" storage="c:\users\tapiapc\documents\github\ingenieria de pruebas\proyecto final\idp-proyecto-final-balatrinos\hotelproyecto.tests\bin\release\net9.0\hotelproyecto.tests.dll" id="196f150f-382e-6fc5-9880-f774419dcb57">
      <Execution id="af149456-4c9c-4a5e-95ab-a32db860d7d9" />
      <TestMethod codeBase="C:\Users\TAPIAPC\Documents\GitHub\Ingenieria de pruebas\Proyecto final\IDP-Proyecto-Final-Balatrinos\HotelProyecto.Tests\bin\Release\net9.0\HotelProyecto.Tests.dll" adapterTypeName="executor://xunit/VsTestRunner2/netcoreapp" className="HotelProyecto.Tests.PruebasUnitarias" name="VerificacionCorreo" />
    </UnitTest>
    <UnitTest name="HotelProyecto.Tests.PruebasFuncionalesUI.Registro_exitoso" storage="c:\users\tapiapc\documents\github\ingenieria de pruebas\proyecto final\idp-proyecto-final-balatrinos\hotelproyecto.tests\bin\release\net9.0\hotelproyecto.tests.dll" id="cd90a32e-4b7a-1e73-d7c2-bc9a4434acdc">
      <Execution id="f74460e8-eccf-4bea-b988-df56934908e0" />
      <TestMethod codeBase="C:\Users\TAPIAPC\Documents\GitHub\Ingenieria de pruebas\Proyecto final\IDP-Proyecto-Final-Balatrinos\HotelProyecto.Tests\bin\Release\net9.0\HotelProyecto.Tests.dll" adapterTypeName="executor://xunit/VsTestRunner2/netcoreapp" className="HotelProyecto.Tests.PruebasFuncionalesUI" name="Registro_exitoso" />
    </UnitTest>
    <UnitTest name="HotelProyecto.Tests.PruebasUnitarias.ObtenerHabitacionesPorNumero" storage="c:\users\tapiapc\documents\github\ingenieria de pruebas\proyecto final\idp-proyecto-final-balatrinos\hotelproyecto.tests\bin\release\net9.0\hotelproyecto.tests.dll" id="93fcba51-36fa-828d-43de-a8dcdb084b5a">
      <Execution id="710c4a11-e044-4870-be9a-bcfccdeeed67" />
      <TestMethod codeBase="C:\Users\TAPIAPC\Documents\GitHub\Ingenieria de pruebas\Proyecto final\IDP-Proyecto-Final-Balatrinos\HotelProyecto.Tests\bin\Release\net9.0\HotelProyecto.Tests.dll" adapterTypeName="executor://xunit/VsTestRunner2/netcoreapp" className="HotelProyecto.Tests.PruebasUnitarias" name="ObtenerHabitacionesPorNumero" />
    </UnitTest>
    <UnitTest name="HotelProyecto.Tests.PruebasFuncionalesUI.RealizarReserva" storage="c:\users\tapiapc\documents\github\ingenieria de pruebas\proyecto final\idp-proyecto-final-balatrinos\hotelproyecto.tests\bin\release\net9.0\hotelproyecto.tests.dll" id="1106c730-7f6a-4cbd-f8b1-7645dd500c3e">
      <Execution id="cd6fee32-7c7f-4e1a-8527-2e6e0d5899c9" />
      <TestMethod codeBase="C:\Users\TAPIAPC\Documents\GitHub\Ingenieria de pruebas\Proyecto final\IDP-Proyecto-Final-Balatrinos\HotelProyecto.Tests\bin\Release\net9.0\HotelProyecto.Tests.dll" adapterTypeName="executor://xunit/VsTestRunner2/netcoreapp" className="HotelProyecto.Tests.PruebasFuncionalesUI" name="RealizarReserva" />
    </UnitTest>
    <UnitTest name="HotelProyecto.Tests.PruebasUnitarias.ObtenerHuespedes" storage="c:\users\tapiapc\documents\github\ingenieria de pruebas\proyecto final\idp-proyecto-final-balatrinos\hotelproyecto.tests\bin\release\net9.0\hotelproyecto.tests.dll" id="c8fb3f2b-2a73-02e9-e0e7-ec4c59071e15">
      <Execution id="8f778396-2f24-4deb-8146-1dadea0d031f" />
      <TestMethod codeBase="C:\Users\TAPIAPC\Documents\GitHub\Ingenieria de pruebas\Proyecto final\IDP-Proyecto-Final-Balatrinos\HotelProyecto.Tests\bin\Release\net9.0\HotelProyecto.Tests.dll" adapterTypeName="executor://xunit/VsTestRunner2/netcoreapp" className="HotelProyecto.Tests.PruebasUnitarias" name="ObtenerHuespedes" />
    </UnitTest>
    <UnitTest name="HotelProyecto.Tests.PruebasUnitarias.Cargar_TablasBD" storage="c:\users\tapiapc\documents\github\ingenieria de pruebas\proyecto final\idp-proyecto-final-balatrinos\hotelproyecto.tests\bin\release\net9.0\hotelproyecto.tests.dll" id="fdf81953-c29c-df87-615a-f1e19e8a0cca">
      <Execution id="502322a7-9c9b-4998-b978-b1216acdf7ce" />
      <TestMethod codeBase="C:\Users\TAPIAPC\Documents\GitHub\Ingenieria de pruebas\Proyecto final\IDP-Proyecto-Final-Balatrinos\HotelProyecto.Tests\bin\Release\net9.0\HotelProyecto.Tests.dll" adapterTypeName="executor://xunit/VsTestRunner2/netcoreapp" className="HotelProyecto.Tests.PruebasUnitarias" name="Cargar_TablasBD" />
    </UnitTest>
    <UnitTest name="HotelProyecto.Tests.PruebasFuncionalesUI.EnviarMensajeContacto" storage="c:\users\tapiapc\documents\github\ingenieria de pruebas\proyecto final\idp-proyecto-final-balatrinos\hotelproyecto.tests\bin\release\net9.0\hotelproyecto.tests.dll" id="97b1d678-b036-99f8-7e8e-9b0084d6f730">
      <Execution id="bfb0fde4-a1a6-45a7-ba19-281061cde61b" />
      <TestMethod codeBase="C:\Users\TAPIAPC\Documents\GitHub\Ingenieria de pruebas\Proyecto final\IDP-Proyecto-Final-Balatrinos\HotelProyecto.Tests\bin\Release\net9.0\HotelProyecto.Tests.dll" adapterTypeName="executor://xunit/VsTestRunner2/netcoreapp" className="HotelProyecto.Tests.PruebasFuncionalesUI" name="EnviarMensajeContacto" />
    </UnitTest>
    <UnitTest name="HotelProyecto.Tests.PruebasUnitarias.ObtenerReservaciones" storage="c:\users\tapiapc\documents\github\ingenieria de pruebas\proyecto final\idp-proyecto-final-balatrinos\hotelproyecto.tests\bin\release\net9.0\hotelproyecto.tests.dll" id="00711ae6-d387-3d6f-af2c-15c2a58545af">
      <Execution id="12e5f5ba-f692-46d4-813a-d3c3cbb7067f" />
      <TestMethod codeBase="C:\Users\TAPIAPC\Documents\GitHub\Ingenieria de pruebas\Proyecto final\IDP-Proyecto-Final-Balatrinos\HotelProyecto.Tests\bin\Release\net9.0\HotelProyecto.Tests.dll" adapterTypeName="executor://xunit/VsTestRunner2/netcoreapp" className="HotelProyecto.Tests.PruebasUnitarias" name="ObtenerReservaciones" />
    </UnitTest>
    <UnitTest name="HotelProyecto.Tests.PruebasUnitarias.ObtenerHuespedPorID" storage="c:\users\tapiapc\documents\github\ingenieria de pruebas\proyecto final\idp-proyecto-final-balatrinos\hotelproyecto.tests\bin\release\net9.0\hotelproyecto.tests.dll" id="29fb06f3-b6a3-26c1-aec1-4e06a0d9b8cc">
      <Execution id="f9d48f94-f41e-490e-99fc-1fe10e38831f" />
      <TestMethod codeBase="C:\Users\TAPIAPC\Documents\GitHub\Ingenieria de pruebas\Proyecto final\IDP-Proyecto-Final-Balatrinos\HotelProyecto.Tests\bin\Release\net9.0\HotelProyecto.Tests.dll" adapterTypeName="executor://xunit/VsTestRunner2/netcoreapp" className="HotelProyecto.Tests.PruebasUnitarias" name="ObtenerHuespedPorID" />
    </UnitTest>
    <UnitTest name="HotelProyecto.Tests.PruebasUnitarias.ObtenerHabitaciones" storage="c:\users\tapiapc\documents\github\ingenieria de pruebas\proyecto final\idp-proyecto-final-balatrinos\hotelproyecto.tests\bin\release\net9.0\hotelproyecto.tests.dll" id="899e5b29-c89b-0743-7038-bd147e8ea1c6">
      <Execution id="3c0c3b1d-0580-442c-ad37-07990f2e79a3" />
      <TestMethod codeBase="C:\Users\TAPIAPC\Documents\GitHub\Ingenieria de pruebas\Proyecto final\IDP-Proyecto-Final-Balatrinos\HotelProyecto.Tests\bin\Release\net9.0\HotelProyecto.Tests.dll" adapterTypeName="executor://xunit/VsTestRunner2/netcoreapp" className="HotelProyecto.Tests.PruebasUnitarias" name="ObtenerHabitaciones" />
    </UnitTest>
    <UnitTest name="HotelProyecto.Tests.PruebasUnitarias.ObtenerReservacionesPorID" storage="c:\users\tapiapc\documents\github\ingenieria de pruebas\proyecto final\idp-proyecto-final-balatrinos\hotelproyecto.tests\bin\release\net9.0\hotelproyecto.tests.dll" id="78c57f7f-026d-d9e0-acb3-26c204f59032">
      <Execution id="027a2a92-1853-427d-ba0a-c7c865716498" />
      <TestMethod codeBase="C:\Users\TAPIAPC\Documents\GitHub\Ingenieria de pruebas\Proyecto final\IDP-Proyecto-Final-Balatrinos\HotelProyecto.Tests\bin\Release\net9.0\HotelProyecto.Tests.dll" adapterTypeName="executor://xunit/VsTestRunner2/netcoreapp" className="HotelProyecto.Tests.PruebasUnitarias" name="ObtenerReservacionesPorID" />
    </UnitTest>
    <UnitTest name="HotelProyecto.Tests.PruebasUnitarias.ObtenerReservacionPorID" storage="c:\users\tapiapc\documents\github\ingenieria de pruebas\proyecto final\idp-proyecto-final-balatrinos\hotelproyecto.tests\bin\release\net9.0\hotelproyecto.tests.dll" id="dfaf8bb6-6cf3-8450-e414-e0bbd16519fc">
      <Execution id="bf7000d6-542a-42c4-bea1-0da40e8263e6" />
      <TestMethod codeBase="C:\Users\TAPIAPC\Documents\GitHub\Ingenieria de pruebas\Proyecto final\IDP-Proyecto-Final-Balatrinos\HotelProyecto.Tests\bin\Release\net9.0\HotelProyecto.Tests.dll" adapterTypeName="executor://xunit/VsTestRunner2/netcoreapp" className="HotelProyecto.Tests.PruebasUnitarias" name="ObtenerReservacionPorID" />
    </UnitTest>
    <UnitTest name="HotelProyecto.Tests.PruebasFuncionalesUI.VisualizarMapaDeGoogleMaps" storage="c:\users\tapiapc\documents\github\ingenieria de pruebas\proyecto final\idp-proyecto-final-balatrinos\hotelproyecto.tests\bin\release\net9.0\hotelproyecto.tests.dll" id="705c6f0e-75d4-648a-ae26-4fbbe7e61b3b">
      <Execution id="e8d4e668-49b3-4b72-91b9-f444f551ab3d" />
      <TestMethod codeBase="C:\Users\TAPIAPC\Documents\GitHub\Ingenieria de pruebas\Proyecto final\IDP-Proyecto-Final-Balatrinos\HotelProyecto.Tests\bin\Release\net9.0\HotelProyecto.Tests.dll" adapterTypeName="executor://xunit/VsTestRunner2/netcoreapp" className="HotelProyecto.Tests.PruebasFuncionalesUI" name="VisualizarMapaDeGoogleMaps" />
    </UnitTest>
    <UnitTest name="HotelProyecto.Tests.PruebasUnitarias.ObtenerHabitacionPorNumero" storage="c:\users\tapiapc\documents\github\ingenieria de pruebas\proyecto final\idp-proyecto-final-balatrinos\hotelproyecto.tests\bin\release\net9.0\hotelproyecto.tests.dll" id="e4c62dd8-af4f-ab74-7cae-08d896d620fe">
      <Execution id="dfaf4409-ecd6-4fa4-943a-22cd68157423" />
      <TestMethod codeBase="C:\Users\TAPIAPC\Documents\GitHub\Ingenieria de pruebas\Proyecto final\IDP-Proyecto-Final-Balatrinos\HotelProyecto.Tests\bin\Release\net9.0\HotelProyecto.Tests.dll" adapterTypeName="executor://xunit/VsTestRunner2/netcoreapp" className="HotelProyecto.Tests.PruebasUnitarias" name="ObtenerHabitacionPorNumero" />
    </UnitTest>
    <UnitTest name="HotelProyecto.Tests.PruebasFuncionalesUI.InicioSesion_exitoso" storage="c:\users\tapiapc\documents\github\ingenieria de pruebas\proyecto final\idp-proyecto-final-balatrinos\hotelproyecto.tests\bin\release\net9.0\hotelproyecto.tests.dll" id="acd71e31-9ce2-7b3f-f53a-91beae56c914">
      <Execution id="547c49e8-cc64-425f-8c07-ad478609b89a" />
      <TestMethod codeBase="C:\Users\TAPIAPC\Documents\GitHub\Ingenieria de pruebas\Proyecto final\IDP-Proyecto-Final-Balatrinos\HotelProyecto.Tests\bin\Release\net9.0\HotelProyecto.Tests.dll" adapterTypeName="executor://xunit/VsTestRunner2/netcoreapp" className="HotelProyecto.Tests.PruebasFuncionalesUI" name="InicioSesion_exitoso" />
    </UnitTest>
  </TestDefinitions>
  <TestEntries>
    <TestEntry testId="1106c730-7f6a-4cbd-f8b1-7645dd500c3e" executionId="cd6fee32-7c7f-4e1a-8527-2e6e0d5899c9" testListId="8c84fa94-04c1-424b-9868-57a2d4851a1d" />
    <TestEntry testId="97b1d678-b036-99f8-7e8e-9b0084d6f730" executionId="bfb0fde4-a1a6-45a7-ba19-281061cde61b" testListId="8c84fa94-04c1-424b-9868-57a2d4851a1d" />
    <TestEntry testId="c8fb3f2b-2a73-02e9-e0e7-ec4c59071e15" executionId="8f778396-2f24-4deb-8146-1dadea0d031f" testListId="8c84fa94-04c1-424b-9868-57a2d4851a1d" />
    <TestEntry testId="dfaf8bb6-6cf3-8450-e414-e0bbd16519fc" executionId="bf7000d6-542a-42c4-bea1-0da40e8263e6" testListId="8c84fa94-04c1-424b-9868-57a2d4851a1d" />
    <TestEntry testId="78c57f7f-026d-d9e0-acb3-26c204f59032" executionId="027a2a92-1853-427d-ba0a-c7c865716498" testListId="8c84fa94-04c1-424b-9868-57a2d4851a1d" />
    <TestEntry testId="cd90a32e-4b7a-1e73-d7c2-bc9a4434acdc" executionId="f74460e8-eccf-4bea-b988-df56934908e0" testListId="8c84fa94-04c1-424b-9868-57a2d4851a1d" />
    <TestEntry testId="899e5b29-c89b-0743-7038-bd147e8ea1c6" executionId="3c0c3b1d-0580-442c-ad37-07990f2e79a3" testListId="8c84fa94-04c1-424b-9868-57a2d4851a1d" />
    <TestEntry testId="00711ae6-d387-3d6f-af2c-15c2a58545af" executionId="12e5f5ba-f692-46d4-813a-d3c3cbb7067f" testListId="8c84fa94-04c1-424b-9868-57a2d4851a1d" />
    <TestEntry testId="acd71e31-9ce2-7b3f-f53a-91beae56c914" executionId="547c49e8-cc64-425f-8c07-ad478609b89a" testListId="8c84fa94-04c1-424b-9868-57a2d4851a1d" />
    <TestEntry testId="196f150f-382e-6fc5-9880-f774419dcb57" executionId="af149456-4c9c-4a5e-95ab-a32db860d7d9" testListId="8c84fa94-04c1-424b-9868-57a2d4851a1d" />
    <TestEntry testId="ba260d14-2a79-b3b4-11d4-a54ded2d64a1" executionId="30828924-a3f4-4393-801f-0701fcc82582" testListId="8c84fa94-04c1-424b-9868-57a2d4851a1d" />
    <TestEntry testId="29fb06f3-b6a3-26c1-aec1-4e06a0d9b8cc" executionId="f9d48f94-f41e-490e-99fc-1fe10e38831f" testListId="8c84fa94-04c1-424b-9868-57a2d4851a1d" />
    <TestEntry testId="fdf81953-c29c-df87-615a-f1e19e8a0cca" executionId="502322a7-9c9b-4998-b978-b1216acdf7ce" testListId="8c84fa94-04c1-424b-9868-57a2d4851a1d" />
    <TestEntry testId="20df0d87-46c8-ffe7-9cd0-5a5a865e1f36" executionId="d162bb85-69f7-447f-a6ff-514075aab445" testListId="8c84fa94-04c1-424b-9868-57a2d4851a1d" />
    <TestEntry testId="e4c62dd8-af4f-ab74-7cae-08d896d620fe" executionId="dfaf4409-ecd6-4fa4-943a-22cd68157423" testListId="8c84fa94-04c1-424b-9868-57a2d4851a1d" />
    <TestEntry testId="93fcba51-36fa-828d-43de-a8dcdb084b5a" executionId="710c4a11-e044-4870-be9a-bcfccdeeed67" testListId="8c84fa94-04c1-424b-9868-57a2d4851a1d" />
    <TestEntry testId="705c6f0e-75d4-648a-ae26-4fbbe7e61b3b" executionId="e8d4e668-49b3-4b72-91b9-f444f551ab3d" testListId="8c84fa94-04c1-424b-9868-57a2d4851a1d" />
  </TestEntries>
  <TestLists>
    <TestList name="Resultados sin formato de lista" id="8c84fa94-04c1-424b-9868-57a2d4851a1d" />
    <TestList name="Todos los resultados cargados" id="19431567-8539-422a-85d7-44ee4e166bda" />
  </TestLists>
  <ResultSummary outcome="Completed">
    <Counters total="17" executed="17" passed="17" failed="0" error="0" timeout="0" aborted="0" inconclusive="0" passedButRunAborted="0" notRunnable="0" notExecuted="0" disconnected="0" warning="0" completed="0" inProgress="0" pending="0" />
    <Output>
      <StdOut>[xUnit.net 00:00:00.00] xUnit.net VSTest Adapter v2.8.2+699d445a1a (64-bit .NET 9.0.14)&#xD;
[xUnit.net 00:00:00.13]   Discovering: HotelProyecto.Tests&#xD;
[xUnit.net 00:00:00.19]   Discovered:  HotelProyecto.Tests&#xD;
[xUnit.net 00:00:00.19]   Starting:    HotelProyecto.Tests&#xD;
[xUnit.net 00:00:35.56]   Finished:    HotelProyecto.Tests&#xD;
</StdOut>
    </Output>
    <CollectorDataEntries>
      <Collector agentName="LAPTOP-JESÚS" uri="datacollector://microsoft/CoverletCodeCoverage/1.0" collectorDisplayName="XPlat code coverage">
        <UriAttachments>
          <UriAttachment>
            <A href="LAPTOP-JESÚS\coverage.cobertura.xml"></A>
          </UriAttachment>
        </UriAttachments>
      </Collector>
    </CollectorDataEntries>
  </ResultSummary>
</TestRun>